# This is the CMakeCache file.
# For build in directory: /home/wangsen/FastEq/build/temp.linux-x86_64-3.10/fasteq_hip__hip
# It was generated by CMake: /usr/local/bin/cmake
# You can edit this file to change values found and used by cmake.
# If you do not want to change any of the values, simply exit the editor.
# If you do want to change a value, simply edit, save, and exit the editor.
# The syntax for the file is as follows:
# KEY:TYPE=VALUE
# KEY is the name of a variable in the cache.
# TYPE is a hint to GUIs for the type of VALUE, DO NOT EDIT TYPE!.
# VALUE is the current value for the KEY.

########################
# EXTERNAL cache entries
########################

//Path to a program.
CMAKE_ADDR2LINE:FILEPATH=/usr/bin/addr2line

//Path to a program.
CMAKE_AR:FILEPATH=/usr/bin/ar

//Choose the type of build, options are: None Debug Release RelWithDebInfo
// MinSizeRel ...
CMAKE_BUILD_TYPE:STRING=Release

//CXX compiler
CMAKE_CXX_COMPILER:FILEPATH=/usr/bin/c++

//A wrapper around 'ar' adding the appropriate '--plugin' option
// for the GCC compiler
CMAKE_CXX_COMPILER_AR:FILEPATH=/usr/bin/gcc-ar-11

//A wrapper around 'ranlib' adding the appropriate '--plugin' option
// for the GCC compiler
CMAKE_CXX_COMPILER_RANLIB:FILEPATH=/usr/bin/gcc-ranlib-11

//Flags used by the CXX compiler during all build types.
CMAKE_CXX_FLAGS:STRING=

//Flags used by the CXX compiler during DEBUG builds.
CMAKE_CXX_FLAGS_DEBUG:STRING=-g

//Flags used by the CXX compiler during MINSIZEREL builds.
CMAKE_CXX_FLAGS_MINSIZEREL:STRING=-Os -DNDEBUG

//Flags used by the CXX compiler during RELEASE builds.
CMAKE_CXX_FLAGS_RELEASE:STRING=-O3 -DNDEBUG

//Flags used by the CXX compiler during RELWITHDEBINFO builds.
CMAKE_CXX_FLAGS_RELWITHDEBINFO:STRING=-O2 -g -DNDEBUG

//Path to a program.
CMAKE_DLLTOOL:FILEPATH=/usr/bin/llvm-dlltool

//Flags used by the linker during all build types.
CMAKE_EXE_LINKER_FLAGS:STRING=

//Flags used by the linker during DEBUG builds.
CMAKE_EXE_LINKER_FLAGS_DEBUG:STRING=

//Flags used by the linker during MINSIZEREL builds.
CMAKE_EXE_LINKER_FLAGS_MINSIZEREL:STRING=

//Flags used by the linker during RELEASE builds.
CMAKE_EXE_LINKER_FLAGS_RELEASE:STRING=

//Flags used by the linker during RELWITHDEBINFO builds.
CMAKE_EXE_LINKER_FLAGS_RELWITHDEBINFO:STRING=

//Enable/Disable output of compile commands during generation.
CMAKE_EXPORT_COMPILE_COMMANDS:BOOL=

//Value Computed by CMake.
CMAKE_FIND_PACKAGE_REDIRECTS_DIR:STATIC=/home/wangsen/FastEq/build/temp.linux-x86_64-3.10/fasteq_hip__hip/CMakeFiles/pkgRedirects

//HIP architectures
CMAKE_HIP_ARCHITECTURES:STRING=gfx90a;gfx90a;gfx90a;gfx90a

//HIP compiler
CMAKE_HIP_COMPILER:FILEPATH=/opt/rocm/lib/llvm/bin/clang++

//LLVM archiver
CMAKE_HIP_COMPILER_AR:FILEPATH=/opt/rocm-6.3.0/lib/llvm/bin/llvm-ar

//`clang-scan-deps` dependency scanner
CMAKE_HIP_COMPILER_CLANG_SCAN_DEPS:FILEPATH=CMAKE_HIP_COMPILER_CLANG_SCAN_DEPS-NOTFOUND

//Generate index for LLVM archive
CMAKE_HIP_COMPILER_RANLIB:FILEPATH=/opt/rocm-6.3.0/lib/llvm/bin/llvm-ranlib

//Flags used by the HIP compiler during all build types.
CMAKE_HIP_FLAGS:STRING=

//Flags used by the HIP compiler during DEBUG builds.
CMAKE_HIP_FLAGS_DEBUG:STRING=-g -O

//Flags used by the HIP compiler during MINSIZEREL builds.
CMAKE_HIP_FLAGS_MINSIZEREL:STRING=-Os -DNDEBUG

//Flags used by the HIP compiler during RELEASE builds.
CMAKE_HIP_FLAGS_RELEASE:STRING=-O3 -DNDEBUG

//Flags used by the HIP compiler during RELWITHDEBINFO builds.
CMAKE_HIP_FLAGS_RELWITHDEBINFO:STRING=-O2 -g -DNDEBUG

//HIP platform
CMAKE_HIP_PLATFORM:STRING=amd

//Install path prefix, prepended onto install directories.
CMAKE_INSTALL_PREFIX:PATH=/usr/local

//No help, variable specified on the command line.
CMAKE_LIBRARY_OUTPUT_DIRECTORY:UNINITIALIZED=/home/wangsen/FastEq/build/lib.linux-x86_64-3.10/fasteq/hip

//Path to a program.
CMAKE_LINKER:FILEPATH=/usr/bin/ld

//Program used to build from build.ninja files.
CMAKE_MAKE_PROGRAM:FILEPATH=/home/wangsen/.local/bin/ninja

//Flags used by the linker during the creation of modules during
// all build types.
CMAKE_MODULE_LINKER_FLAGS:STRING=

//Flags used by the linker during the creation of modules during
// DEBUG builds.
CMAKE_MODULE_LINKER_FLAGS_DEBUG:STRING=

//Flags used by the linker during the creation of modules during
// MINSIZEREL builds.
CMAKE_MODULE_LINKER_FLAGS_MINSIZEREL:STRING=

//Flags used by the linker during the creation of modules during
// RELEASE builds.
CMAKE_MODULE_LINKER_FLAGS_RELEASE:STRING=

//Flags used by the linker during the creation of modules during
// RELWITHDEBINFO builds.
CMAKE_MODULE_LINKER_FLAGS_RELWITHDEBINFO:STRING=

//Path to a program.
CMAKE_NM:FILEPATH=/usr/bin/nm

//Path to a program.
CMAKE_OBJCOPY:FILEPATH=/usr/bin/objcopy

//Path to a program.
CMAKE_OBJDUMP:FILEPATH=/usr/bin/objdump

//No help, variable specified on the command line.
CMAKE_PREFIX_PATH:UNINITIALIZED=/home/wangsen/.local/lib/cmake;/home/wangsen/.local/lib/python3.10/site-packages/torch/share/cmake

//Value Computed by CMake
CMAKE_PROJECT_DESCRIPTION:STATIC=

//Value Computed by CMake
CMAKE_PROJECT_HOMEPAGE_URL:STATIC=

//Value Computed by CMake
CMAKE_PROJECT_NAME:STATIC=fasteq_hip

//Path to a program.
CMAKE_RANLIB:FILEPATH=/usr/bin/ranlib

//Path to a program.
CMAKE_READELF:FILEPATH=/usr/bin/readelf

//Flags used by the linker during the creation of shared libraries
// during all build types.
CMAKE_SHARED_LINKER_FLAGS:STRING=

//Flags used by the linker during the creation of shared libraries
// during DEBUG builds.
CMAKE_SHARED_LINKER_FLAGS_DEBUG:STRING=

//Flags used by the linker during the creation of shared libraries
// during MINSIZEREL builds.
CMAKE_SHARED_LINKER_FLAGS_MINSIZEREL:STRING=

//Flags used by the linker during the creation of shared libraries
// during RELEASE builds.
CMAKE_SHARED_LINKER_FLAGS_RELEASE:STRING=

//Flags used by the linker during the creation of shared libraries
// during RELWITHDEBINFO builds.
CMAKE_SHARED_LINKER_FLAGS_RELWITHDEBINFO:STRING=

//If set, runtime paths are not added when installing shared libraries,
// but are added when building.
CMAKE_SKIP_INSTALL_RPATH:BOOL=NO

//If set, runtime paths are not added when using shared libraries.
CMAKE_SKIP_RPATH:BOOL=NO

//Flags used by the linker during the creation of static libraries
// during all build types.
CMAKE_STATIC_LINKER_FLAGS:STRING=

//Flags used by the linker during the creation of static libraries
// during DEBUG builds.
CMAKE_STATIC_LINKER_FLAGS_DEBUG:STRING=

//Flags used by the linker during the creation of static libraries
// during MINSIZEREL builds.
CMAKE_STATIC_LINKER_FLAGS_MINSIZEREL:STRING=

//Flags used by the linker during the creation of static libraries
// during RELEASE builds.
CMAKE_STATIC_LINKER_FLAGS_RELEASE:STRING=

//Flags used by the linker during the creation of static libraries
// during RELWITHDEBINFO builds.
CMAKE_STATIC_LINKER_FLAGS_RELWITHDEBINFO:STRING=

//Path to a program.
CMAKE_STRIP:FILEPATH=/usr/bin/strip

//Path to a program.
CMAKE_TAPI:FILEPATH=CMAKE_TAPI-NOTFOUND

//If this value is on, makefiles will be generated without the
// .SILENT directive, and all commands will be echoed to the console
// during the make.  This is useful for debugging only. With Visual
// Studio IDE projects all commands are done without /nologo.
CMAKE_VERBOSE_MAKEFILE:BOOL=FALSE

//The directory containing a CMake configuration file for Caffe2.
Caffe2_DIR:PATH=/home/wangsen/.local/lib/python3.10/site-packages/torch/share/cmake/Caffe2

//No help, variable specified on the command line.
GPU_ARCHS:UNINITIALIZED=gfx90a

//GPU targets to compile for
GPU_TARGETS:STRING=

//Semicolon delimited flags for CLANG
HIP_CLANG_FLAGS:STRING=

//Semicolon delimited flags for CLANG
HIP_CLANG_FLAGS_DEBUG:STRING=

//Semicolon delimited flags for CLANG
HIP_CLANG_FLAGS_MINSIZEREL:STRING=

//Semicolon delimited flags for CLANG
HIP_CLANG_FLAGS_RELEASE:STRING=

//Semicolon delimited flags for CLANG
HIP_CLANG_FLAGS_RELWITHDEBINFO:STRING=

//Path to a program.
HIP_HIPCC_CMAKE_LINKER_HELPER:FILEPATH=/opt/rocm/bin/hipcc_cmake_linker_helper

//Path to a program.
HIP_HIPCC_EXECUTABLE:FILEPATH=/opt/rocm/bin/hipcc

//Semicolon delimited flags for HIPCC
HIP_HIPCC_FLAGS:STRING=

//Semicolon delimited flags for HIPCC
HIP_HIPCC_FLAGS_DEBUG:STRING=

//Semicolon delimited flags for HIPCC
HIP_HIPCC_FLAGS_MINSIZEREL:STRING=

//Semicolon delimited flags for HIPCC
HIP_HIPCC_FLAGS_RELEASE:STRING=

//Semicolon delimited flags for HIPCC
HIP_HIPCC_FLAGS_RELWITHDEBINFO:STRING=

//Path to a program.
HIP_HIPCONFIG_EXECUTABLE:FILEPATH=/opt/rocm/bin/hipconfig

//Host code compilation mode
HIP_HOST_COMPILATION_CPP:BOOL=ON

//Semicolon delimted flags for NVCC
HIP_NVCC_FLAGS:STRING=

//Semicolon delimited flags for NVCC
HIP_NVCC_FLAGS_DEBUG:STRING=

//Semicolon delimited flags for NVCC
HIP_NVCC_FLAGS_MINSIZEREL:STRING=

//Semicolon delimited flags for NVCC
HIP_NVCC_FLAGS_RELEASE:STRING=

//Semicolon delimited flags for NVCC
HIP_NVCC_FLAGS_RELWITHDEBINFO:STRING=

//HIP platform as computed by hipconfig
HIP_PLATFORM:STRING=amd

//HIP installed location
HIP_ROOT_DIR:PATH=/opt/rocm

//Print out the commands run while compiling the HIP source file.
//  With the Makefile generator this defaults to VERBOSE variable
// specified on the command line, but can be forced on with this
// option.
HIP_VERBOSE_BUILD:BOOL=OFF

//Version of HIP as computed from hipcc
HIP_VERSION:STRING=6.3.42131-fa1d09cbd

//The directory containing a CMake configuration file for MKLDNN.
MKLDNN_DIR:PATH=MKLDNN_DIR-NOTFOUND

//The directory containing a CMake configuration file for MKL.
MKL_DIR:PATH=MKL_DIR-NOTFOUND

//Path to a library.
PYTORCH_HIP_LIBRARIES:FILEPATH=/opt/rocm/lib/libamdhip64.so

//Path to a library.
PYTORCH_RCCL_LIBRARIES:FILEPATH=/opt/rocm/lib/librccl.so

//No help, variable specified on the command line.
Python3_EXECUTABLE:UNINITIALIZED=/usr/bin/python3

//Path to a library.
ROCM_HIPRTC_LIB:FILEPATH=/opt/rocm/lib/libhiprtc.so

//Path to a library.
ROCM_ROCTX_LIB:FILEPATH=/opt/rocm/lib/libroctx64.so

//Path to a library.
TORCH_LIBRARY:FILEPATH=/home/wangsen/.local/lib/python3.10/site-packages/torch/lib/libtorch.so

//The directory containing a CMake configuration file for Torch.
Torch_DIR:PATH=/home/wangsen/.local/lib/python3.10/site-packages/torch/share/cmake/Torch

//No help, variable specified on the command line.
WITH_HIP:UNINITIALIZED=ON

//Path to a library.
c10_LIBRARY:FILEPATH=/home/wangsen/.local/lib/python3.10/site-packages/torch/lib/libc10.so

//Value Computed by CMake
fasteq_hip_BINARY_DIR:STATIC=/home/wangsen/FastEq/build/temp.linux-x86_64-3.10/fasteq_hip__hip

//Value Computed by CMake
fasteq_hip_IS_TOP_LEVEL:STATIC=ON

//Value Computed by CMake
fasteq_hip_SOURCE_DIR:STATIC=/home/wangsen/FastEq/fasteq/hip

//The directory containing a CMake configuration file for hipblas-common.
hipblas-common_DIR:PATH=/home/wangsen/.local/lib/cmake/hipblas-common

//Path to a library.
kineto_LIBRARY:FILEPATH=kineto_LIBRARY-NOTFOUND


########################
# INTERNAL cache entries
########################

//ADVANCED property for variable: CMAKE_ADDR2LINE
CMAKE_ADDR2LINE-ADVANCED:INTERNAL=1
//ADVANCED property for variable: CMAKE_AR
CMAKE_AR-ADVANCED:INTERNAL=1
//This is the directory where this CMakeCache.txt was created
CMAKE_CACHEFILE_DIR:INTERNAL=/home/wangsen/FastEq/build/temp.linux-x86_64-3.10/fasteq_hip__hip
//Major version of cmake used to create the current loaded cache
CMAKE_CACHE_MAJOR_VERSION:INTERNAL=3
//Minor version of cmake used to create the current loaded cache
CMAKE_CACHE_MINOR_VERSION:INTERNAL=29
//Patch version of cmake used to create the current loaded cache
CMAKE_CACHE_PATCH_VERSION:INTERNAL=2
//Path to CMake executable.
CMAKE_COMMAND:INTERNAL=/usr/local/bin/cmake
//Path to cpack program executable.
CMAKE_CPACK_COMMAND:INTERNAL=/usr/local/bin/cpack
//Path to ctest program executable.
CMAKE_CTEST_COMMAND:INTERNAL=/usr/local/bin/ctest
//ADVANCED property for variable: CMAKE_CXX_COMPILER
CMAKE_CXX_COMPILER-ADVANCED:INTERNAL=1
//ADVANCED property for variable: CMAKE_CXX_COMPILER_AR
CMAKE_CXX_COMPILER_AR-ADVANCED:INTERNAL=1
//ADVANCED property for variable: CMAKE_CXX_COMPILER_RANLIB
CMAKE_CXX_COMPILER_RANLIB-ADVANCED:INTERNAL=1
//ADVANCED property for variable: CMAKE_CXX_FLAGS
CMAKE_CXX_FLAGS-ADVANCED:INTERNAL=1
//ADVANCED property for variable: CMAKE_CXX_FLAGS_DEBUG
CMAKE_CXX_FLAGS_DEBUG-ADVANCED:INTERNAL=1
//ADVANCED property for variable: CMAKE_CXX_FLAGS_MINSIZEREL
CMAKE_CXX_FLAGS_MINSIZEREL-ADVANCED:INTERNAL=1
//ADVANCED property for variable: CMAKE_CXX_FLAGS_RELEASE
CMAKE_CXX_FLAGS_RELEASE-ADVANCED:INTERNAL=1
//ADVANCED property for variable: CMAKE_CXX_FLAGS_RELWITHDEBINFO
CMAKE_CXX_FLAGS_RELWITHDEBINFO-ADVANCED:INTERNAL=1
//ADVANCED property for variable: CMAKE_DLLTOOL
CMAKE_DLLTOOL-ADVANCED:INTERNAL=1
//Path to cache edit program executable.
CMAKE_EDIT_COMMAND:INTERNAL=/usr/local/bin/ccmake
//Executable file format
CMAKE_EXECUTABLE_FORMAT:INTERNAL=ELF
//ADVANCED property for variable: CMAKE_EXE_LINKER_FLAGS
CMAKE_EXE_LINKER_FLAGS-ADVANCED:INTERNAL=1
//ADVANCED property for variable: CMAKE_EXE_LINKER_FLAGS_DEBUG
CMAKE_EXE_LINKER_FLAGS_DEBUG-ADVANCED:INTERNAL=1
//ADVANCED property for variable: CMAKE_EXE_LINKER_FLAGS_MINSIZEREL
CMAKE_EXE_LINKER_FLAGS_MINSIZEREL-ADVANCED:INTERNAL=1
//ADVANCED property for variable: CMAKE_EXE_LINKER_FLAGS_RELEASE
CMAKE_EXE_LINKER_FLAGS_RELEASE-ADVANCED:INTERNAL=1
//ADVANCED property for variable: CMAKE_EXE_LINKER_FLAGS_RELWITHDEBINFO
CMAKE_EXE_LINKER_FLAGS_RELWITHDEBINFO-ADVANCED:INTERNAL=1
//ADVANCED property for variable: CMAKE_EXPORT_COMPILE_COMMANDS
CMAKE_EXPORT_COMPILE_COMMANDS-ADVANCED:INTERNAL=1
//Name of external makefile project generator.
CMAKE_EXTRA_GENERATOR:INTERNAL=
//Name of generator.
CMAKE_GENERATOR:INTERNAL=Ninja
//Generator instance identifier.
CMAKE_GENERATOR_INSTANCE:INTERNAL=
//Name of generator platform.
CMAKE_GENERATOR_PLATFORM:INTERNAL=
//Name of generator toolset.
CMAKE_GENERATOR_TOOLSET:INTERNAL=
//Test CMAKE_HAVE_LIBC_PTHREAD
CMAKE_HAVE_LIBC_PTHREAD:INTERNAL=1
//ADVANCED property for variable: CMAKE_HIP_COMPILER
CMAKE_HIP_COMPILER-ADVANCED:INTERNAL=1
//ADVANCED property for variable: CMAKE_HIP_COMPILER_AR
CMAKE_HIP_COMPILER_AR-ADVANCED:INTERNAL=1
//ADVANCED property for variable: CMAKE_HIP_COMPILER_CLANG_SCAN_DEPS
CMAKE_HIP_COMPILER_CLANG_SCAN_DEPS-ADVANCED:INTERNAL=1
//ADVANCED property for variable: CMAKE_HIP_COMPILER_RANLIB
CMAKE_HIP_COMPILER_RANLIB-ADVANCED:INTERNAL=1
//ADVANCED property for variable: CMAKE_HIP_FLAGS
CMAKE_HIP_FLAGS-ADVANCED:INTERNAL=1
//ADVANCED property for variable: CMAKE_HIP_FLAGS_DEBUG
CMAKE_HIP_FLAGS_DEBUG-ADVANCED:INTERNAL=1
//ADVANCED property for variable: CMAKE_HIP_FLAGS_MINSIZEREL
CMAKE_HIP_FLAGS_MINSIZEREL-ADVANCED:INTERNAL=1
//ADVANCED property for variable: CMAKE_HIP_FLAGS_RELEASE
CMAKE_HIP_FLAGS_RELEASE-ADVANCED:INTERNAL=1
//ADVANCED property for variable: CMAKE_HIP_FLAGS_RELWITHDEBINFO
CMAKE_HIP_FLAGS_RELWITHDEBINFO-ADVANCED:INTERNAL=1
//Source directory with the top level CMakeLists.txt file for this
// project
CMAKE_HOME_DIRECTORY:INTERNAL=/home/wangsen/FastEq/fasteq/hip
//Install .so files without execute permission.
CMAKE_INSTALL_SO_NO_EXE:INTERNAL=1
//ADVANCED property for variable: CMAKE_LINKER
CMAKE_LINKER-ADVANCED:INTERNAL=1
//ADVANCED property for variable: CMAKE_MAKE_PROGRAM
CMAKE_MAKE_PROGRAM-ADVANCED:INTERNAL=1
//ADVANCED property for variable: CMAKE_MODULE_LINKER_FLAGS
CMAKE_MODULE_LINKER_FLAGS-ADVANCED:INTERNAL=1
//ADVANCED property for variable: CMAKE_MODULE_LINKER_FLAGS_DEBUG
CMAKE_MODULE_LINKER_FLAGS_DEBUG-ADVANCED:INTERNAL=1
//ADVANCED property for variable: CMAKE_MODULE_LINKER_FLAGS_MINSIZEREL
CMAKE_MODULE_LINKER_FLAGS_MINSIZEREL-ADVANCED:INTERNAL=1
//ADVANCED property for variable: CMAKE_MODULE_LINKER_FLAGS_RELEASE
CMAKE_MODULE_LINKER_FLAGS_RELEASE-ADVANCED:INTERNAL=1
//ADVANCED property for variable: CMAKE_MODULE_LINKER_FLAGS_RELWITHDEBINFO
CMAKE_MODULE_LINKER_FLAGS_RELWITHDEBINFO-ADVANCED:INTERNAL=1
//ADVANCED property for variable: CMAKE_NM
CMAKE_NM-ADVANCED:INTERNAL=1
//number of local generators
CMAKE_NUMBER_OF_MAKEFILES:INTERNAL=1
//ADVANCED property for variable: CMAKE_OBJCOPY
CMAKE_OBJCOPY-ADVANCED:INTERNAL=1
//ADVANCED property for variable: CMAKE_OBJDUMP
CMAKE_OBJDUMP-ADVANCED:INTERNAL=1
//Platform information initialized
CMAKE_PLATFORM_INFO_INITIALIZED:INTERNAL=1
//ADVANCED property for variable: CMAKE_RANLIB
CMAKE_RANLIB-ADVANCED:INTERNAL=1
//ADVANCED property for variable: CMAKE_READELF
CMAKE_READELF-ADVANCED:INTERNAL=1
//Path to CMake installation.
CMAKE_ROOT:INTERNAL=/usr/local/share/cmake-3.29
//ADVANCED property for variable: CMAKE_SHARED_LINKER_FLAGS
CMAKE_SHARED_LINKER_FLAGS-ADVANCED:INTERNAL=1
//ADVANCED property for variable: CMAKE_SHARED_LINKER_FLAGS_DEBUG
CMAKE_SHARED_LINKER_FLAGS_DEBUG-ADVANCED:INTERNAL=1
//ADVANCED property for variable: CMAKE_SHARED_LINKER_FLAGS_MINSIZEREL
CMAKE_SHARED_LINKER_FLAGS_MINSIZEREL-ADVANCED:INTERNAL=1
//ADVANCED property for variable: CMAKE_SHARED_LINKER_FLAGS_RELEASE
CMAKE_SHARED_LINKER_FLAGS_RELEASE-ADVANCED:INTERNAL=1
//ADVANCED property for variable: CMAKE_SHARED_LINKER_FLAGS_RELWITHDEBINFO
CMAKE_SHARED_LINKER_FLAGS_RELWITHDEBINFO-ADVANCED:INTERNAL=1
//ADVANCED property for variable: CMAKE_SKIP_INSTALL_RPATH
CMAKE_SKIP_INSTALL_RPATH-ADVANCED:INTERNAL=1
//ADVANCED property for variable: CMAKE_SKIP_RPATH
CMAKE_SKIP_RPATH-ADVANCED:INTERNAL=1
//ADVANCED property for variable: CMAKE_STATIC_LINKER_FLAGS
CMAKE_STATIC_LINKER_FLAGS-ADVANCED:INTERNAL=1
//ADVANCED property for variable: CMAKE_STATIC_LINKER_FLAGS_DEBUG
CMAKE_STATIC_LINKER_FLAGS_DEBUG-ADVANCED:INTERNAL=1
//ADVANCED property for variable: CMAKE_STATIC_LINKER_FLAGS_MINSIZEREL
CMAKE_STATIC_LINKER_FLAGS_MINSIZEREL-ADVANCED:INTERNAL=1
//ADVANCED property for variable: CMAKE_STATIC_LINKER_FLAGS_RELEASE
CMAKE_STATIC_LINKER_FLAGS_RELEASE-ADVANCED:INTERNAL=1
//ADVANCED property for variable: CMAKE_STATIC_LINKER_FLAGS_RELWITHDEBINFO
CMAKE_STATIC_LINKER_FLAGS_RELWITHDEBINFO-ADVANCED:INTERNAL=1
//ADVANCED property for variable: CMAKE_STRIP
CMAKE_STRIP-ADVANCED:INTERNAL=1
//ADVANCED property for variable: CMAKE_TAPI
CMAKE_TAPI-ADVANCED:INTERNAL=1
//uname command
CMAKE_UNAME:INTERNAL=/usr/bin/uname
//ADVANCED property for variable: CMAKE_VERBOSE_MAKEFILE
CMAKE_VERBOSE_MAKEFILE-ADVANCED:INTERNAL=1
//Details about finding HIP
FIND_PACKAGE_MESSAGE_DETAILS_HIP:INTERNAL=[/opt/rocm][/opt/rocm/bin/hipcc][/opt/rocm/bin/hipconfig][amd][clang][rocclr][v6.3.42131-fa1d09cbd(1.0)]
//Details about finding Python3
FIND_PACKAGE_MESSAGE_DETAILS_Python3:INTERNAL=[/usr/bin/python3][/usr/include/python3.10][cfound components: Interpreter Development.Module ][v3.10.12()]
//Details about finding Threads
FIND_PACKAGE_MESSAGE_DETAILS_Threads:INTERNAL=[TRUE][v()]
//Details about finding Torch
FIND_PACKAGE_MESSAGE_DETAILS_Torch:INTERNAL=[/home/wangsen/.local/lib/python3.10/site-packages/torch/lib/libtorch.so][/home/wangsen/.local/lib/python3.10/site-packages/torch/include;/home/wangsen/.local/lib/python3.10/site-packages/torch/include/torch/csrc/api/include][v()]
//ADVANCED property for variable: HIP_CLANG_FLAGS
HIP_CLANG_FLAGS-ADVANCED:INTERNAL=1
//ADVANCED property for variable: HIP_CLANG_FLAGS_DEBUG
HIP_CLANG_FLAGS_DEBUG-ADVANCED:INTERNAL=1
//ADVANCED property for variable: HIP_CLANG_FLAGS_MINSIZEREL
HIP_CLANG_FLAGS_MINSIZEREL-ADVANCED:INTERNAL=1
//ADVANCED property for variable: HIP_CLANG_FLAGS_RELEASE
HIP_CLANG_FLAGS_RELEASE-ADVANCED:INTERNAL=1
//ADVANCED property for variable: HIP_CLANG_FLAGS_RELWITHDEBINFO
HIP_CLANG_FLAGS_RELWITHDEBINFO-ADVANCED:INTERNAL=1
//ADVANCED property for variable: HIP_HIPCC_CMAKE_LINKER_HELPER
HIP_HIPCC_CMAKE_LINKER_HELPER-ADVANCED:INTERNAL=1
//ADVANCED property for variable: HIP_HIPCC_EXECUTABLE
HIP_HIPCC_EXECUTABLE-ADVANCED:INTERNAL=1
//ADVANCED property for variable: HIP_HIPCC_FLAGS
HIP_HIPCC_FLAGS-ADVANCED:INTERNAL=1
//ADVANCED property for variable: HIP_HIPCC_FLAGS_DEBUG
HIP_HIPCC_FLAGS_DEBUG-ADVANCED:INTERNAL=1
//ADVANCED property for variable: HIP_HIPCC_FLAGS_MINSIZEREL
HIP_HIPCC_FLAGS_MINSIZEREL-ADVANCED:INTERNAL=1
//ADVANCED property for variable: HIP_HIPCC_FLAGS_RELEASE
HIP_HIPCC_FLAGS_RELEASE-ADVANCED:INTERNAL=1
//ADVANCED property for variable: HIP_HIPCC_FLAGS_RELWITHDEBINFO
HIP_HIPCC_FLAGS_RELWITHDEBINFO-ADVANCED:INTERNAL=1
//ADVANCED property for variable: HIP_HIPCONFIG_EXECUTABLE
HIP_HIPCONFIG_EXECUTABLE-ADVANCED:INTERNAL=1
//ADVANCED property for variable: HIP_HOST_COMPILATION_CPP
HIP_HOST_COMPILATION_CPP-ADVANCED:INTERNAL=1
//ADVANCED property for variable: HIP_NVCC_FLAGS
HIP_NVCC_FLAGS-ADVANCED:INTERNAL=1
//ADVANCED property for variable: HIP_NVCC_FLAGS_DEBUG
HIP_NVCC_FLAGS_DEBUG-ADVANCED:INTERNAL=1
//ADVANCED property for variable: HIP_NVCC_FLAGS_MINSIZEREL
HIP_NVCC_FLAGS_MINSIZEREL-ADVANCED:INTERNAL=1
//ADVANCED property for variable: HIP_NVCC_FLAGS_RELEASE
HIP_NVCC_FLAGS_RELEASE-ADVANCED:INTERNAL=1
//ADVANCED property for variable: HIP_NVCC_FLAGS_RELWITHDEBINFO
HIP_NVCC_FLAGS_RELWITHDEBINFO-ADVANCED:INTERNAL=1
//ADVANCED property for variable: HIP_PLATFORM
HIP_PLATFORM-ADVANCED:INTERNAL=1
//ADVANCED property for variable: HIP_VERSION
HIP_VERSION-ADVANCED:INTERNAL=1
//Location of 
HIP_run_hipcc:INTERNAL=/opt/rocm/lib/cmake/hip/FindHIP/run_hipcc.cmake
//Location of 
HIP_run_make2cmake:INTERNAL=/opt/rocm/lib/cmake/hip/FindHIP/run_make2cmake.cmake
//linker supports push/pop state
_CMAKE_LINKER_PUSHPOP_STATE_SUPPORTED:INTERNAL=TRUE
//Compiler reason failure
_Python3_Compiler_REASON_FAILURE:INTERNAL=
_Python3_DEVELOPMENT_MODULE_SIGNATURE:INTERNAL=c5a4196440ec27af21f23fe28f108fb0
//Development reason failure
_Python3_Development_REASON_FAILURE:INTERNAL=
_Python3_EXECUTABLE:INTERNAL=/usr/bin/python3
//Path to a file.
_Python3_INCLUDE_DIR:INTERNAL=/usr/include/python3.10
//Python3 Properties
_Python3_INTERPRETER_PROPERTIES:INTERNAL=Python;3;10;12;64;;cpython-310-x86_64-linux-gnu;abi3;/usr/lib/python3.10;/usr/lib/python3.10;/usr/local/lib/python3.10/dist-packages;/usr/local/lib/python3.10/dist-packages
_Python3_INTERPRETER_SIGNATURE:INTERNAL=bb1f7d862e7cc7765c27ce56f43851f0
//Interpreter reason failure
_Python3_Interpreter_REASON_FAILURE:INTERNAL=
//NumPy reason failure
_Python3_NumPy_REASON_FAILURE:INTERNAL=
//Result of TRY_COMPILE
compile_result:INTERNAL=TRUE
//Result of TRY_COMPILE
hip_compile_result:INTERNAL=TRUE
//Result of try_run()
run_result:INTERNAL=0

